# JRE version: OpenJDK Runtime Environment Temurin-21.0.10+7 (21.0.10+7) (build 21.0.10+7-LTS)
# Java VM: OpenJDK 64-Bit Server VM Temurin-21.0.10+7 (21.0.10+7-LTS, mixed mode, sharing, tiered, compressed oops, compressed class ptrs, parallel gc, windows-amd64)
GC Precious Log:
 CardTable entry size: 512
 CPUs: 4 total, 4 available
 Memory: 3953M
 Large Page Support: Disabled
 NUMA Support: Disabled
 Compressed Oops: Enabled (32-bit)
 Alignments: Space 512K, Generation 512K, Heap 2M
 Heap Min Capacity: 100M
 Heap Initial Capacity: 100M
 Heap Max Capacity: 2G
 Pre-touch: Disabled
 Parallel Workers: 4
Heap:
 PSYoungGen      total 1536K, used 726K [0x00000000d5580000, 0x00000000d5880000, 0x0000000100000000)
  eden space 1024K, 58% used [0x00000000d5580000,0x00000000d5615900,0x00000000d5680000)
  from space 512K, 25% used [0x00000000d5780000,0x00000000d57a0000,0x00000000d5800000)
  to   space 512K, 0% used [0x00000000d5800000,0x00000000d5800000,0x00000000d5880000)
 ParOldGen       total 451072K, used 450760K [0x0000000080000000, 0x000000009b880000, 0x00000000d5580000)
  object space 451072K, 99% used [0x0000000080000000,0x000000009b8320b8,0x000000009b880000)
 Metaspace       used 63780K, committed 65280K, reserved 1114112K
  class space    used 6751K, committed 7424K, reserved 1048576K
GC Heap History (20 events):
Event: 455.328 GC heap before
{Heap before GC invocations=589 (full 3):
 PSYoungGen      total 1536K, used 1508K [0x00000000d5580000, 0x00000000d5980000, 0x0000000100000000)
  eden space 1024K, 100% used [0x00000000d5580000,0x00000000d5680000,0x00000000d5680000)
  from space 512K, 94% used [0x00000000d5780000,0x00000000d57f9390,0x00000000d5800000)
  to   space 1536K, 0% used [0x00000000d5800000,0x00000000d5800000,0x00000000d5980000)
 ParOldGen       total 446464K, used 446336K [0x0000000080000000, 0x000000009b400000, 0x00000000d5580000)
  object space 446464K, 99% used [0x0000000080000000,0x000000009b3e03f0,0x000000009b400000)
 Metaspace       used 63511K, committed 64896K, reserved 1114112K
  class space    used 6732K, committed 7360K, reserved 1048576K
}
Event: 455.332 GC heap after
{Heap after GC invocations=589 (full 3):
 PSYoungGen      total 2560K, used 1034K [0x00000000d5580000, 0x00000000d5980000, 0x0000000100000000)
  eden space 1024K, 0% used [0x00000000d5580000,0x00000000d5580000,0x00000000d5680000)
  from space 1536K, 67% used [0x00000000d5800000,0x00000000d59029a8,0x00000000d5980000)
  to   space 1536K, 0% used [0x00000000d5680000,0x00000000d5680000,0x00000000d5800000)
 ParOldGen       total 446976K, used 446826K [0x0000000080000000, 0x000000009b480000, 0x00000000d5580000)
  object space 446976K, 99% used [0x0000000080000000,0x000000009b45abb0,0x000000009b480000)
 Metaspace       used 63511K, committed 64896K, reserved 1114112K
  class space    used 6732K, committed 7360K, reserved 1048576K
}
Event: 455.424 GC heap before
{Heap before GC invocations=590 (full 3):
 PSYoungGen      total 2560K, used 2058K [0x00000000d5580000, 0x00000000d5980000, 0x0000000100000000)
  eden space 1024K, 99% used [0x00000000d5580000,0x00000000d567ff88,0x00000000d5680000)
  from space 1536K, 67% used [0x00000000d5800000,0x00000000d59029a8,0x00000000d5980000)
  to   space 1536K, 0% used [0x00000000d5680000,0x00000000d5680000,0x00000000d5800000)
 ParOldGen       total 448000K, used 447603K [0x0000000080000000, 0x000000009b580000, 0x00000000d5580000)
  object space 448000K, 99% used [0x0000000080000000,0x000000009b51ccb8,0x000000009b580000)
 Metaspace       used 63511K, committed 64896K, reserved 1114112K
  class space    used 6732K, committed 7360K, reserved 1048576K
}
Event: 455.427 GC heap after
{Heap after GC invocations=590 (full 3):
 PSYoungGen      total 2560K, used 1039K [0x00000000d5580000, 0x00000000d5980000, 0x0000000100000000)
  eden space 1024K, 0% used [0x00000000d5580000,0x00000000d5580000,0x00000000d5680000)
  from space 1536K, 67% used [0x00000000d5680000,0x00000000d5783ea8,0x00000000d5800000)
  to   space 1536K, 0% used [0x00000000d5800000,0x00000000d5800000,0x00000000d5980000)
 ParOldGen       total 449024K, used 448588K [0x0000000080000000, 0x000000009b680000, 0x00000000d5580000)
  object space 449024K, 99% used [0x0000000080000000,0x000000009b613228,0x000000009b680000)
 Metaspace       used 63511K, committed 64896K, reserved 1114112K
  class space    used 6732K, committed 7360K, reserved 1048576K
}
Event: 455.484 GC heap before
{Heap before GC invocations=591 (full 3):
 PSYoungGen      total 2560K, used 2054K [0x00000000d5580000, 0x00000000d5980000, 0x0000000100000000)
  eden space 1024K, 99% used [0x00000000d5580000,0x00000000d567d9a8,0x00000000d5680000)
  from space 1536K, 67% used [0x00000000d5680000,0x00000000d5783ea8,0x00000000d5800000)
  to   space 1536K, 0% used [0x00000000d5800000,0x00000000d5800000,0x00000000d5980000)
 ParOldGen       total 449024K, used 448588K [0x0000000080000000, 0x000000009b680000, 0x00000000d5580000)
  object space 449024K, 99% used [0x0000000080000000,0x000000009b613228,0x000000009b680000)
 Metaspace       used 63514K, committed 64896K, reserved 1114112K
  class space    used 6732K, committed 7360K, reserved 1048576K
}
Event: 455.487 GC heap after
{Heap after GC invocations=591 (full 3):
 PSYoungGen      total 2048K, used 784K [0x00000000d5580000, 0x00000000d5900000, 0x0000000100000000)
  eden space 1024K, 0% used [0x00000000d5580000,0x00000000d5580000,0x00000000d5680000)
  from space 1024K, 76% used [0x00000000d5800000,0x00000000d58c41c0,0x00000000d5900000)
  to   space 1024K, 0% used [0x00000000d5700000,0x00000000d5700000,0x00000000d5800000)
 ParOldGen       total 450048K, used 449564K [0x0000000080000000, 0x000000009b780000, 0x00000000d5580000)
  object space 450048K, 99% used [0x0000000080000000,0x000000009b707278,0x000000009b780000)
 Metaspace       used 63514K, committed 64896K, reserved 1114112K
  class space    used 6732K, committed 7360K, reserved 1048576K
}
Event: 455.567 GC heap before
{Heap before GC invocations=592 (full 3):
 PSYoungGen      total 2048K, used 1808K [0x00000000d5580000, 0x00000000d5900000, 0x0000000100000000)
  eden space 1024K, 100% used [0x00000000d5580000,0x00000000d5680000,0x00000000d5680000)
  from space 1024K, 76% used [0x00000000d5800000,0x00000000d58c41c0,0x00000000d5900000)
  to   space 1024K, 0% used [0x00000000d5700000,0x00000000d5700000,0x00000000d5800000)
 ParOldGen       total 450048K, used 449564K [0x0000000080000000, 0x000000009b780000, 0x00000000d5580000)
  object space 450048K, 99% used [0x0000000080000000,0x000000009b707278,0x000000009b780000)
 Metaspace       used 63538K, committed 64960K, reserved 1114112K
  class space    used 6733K, committed 7360K, reserved 1048576K
}
Event: 455.571 GC heap after
{Heap after GC invocations=592 (full 3):
 PSYoungGen      total 2048K, used 288K [0x00000000d5580000, 0x00000000d5880000, 0x0000000100000000)
  eden space 1024K, 0% used [0x00000000d5580000,0x00000000d5580000,0x00000000d5680000)
  from space 1024K, 28% used [0x00000000d5700000,0x00000000d5748000,0x00000000d5800000)
  to   space 512K, 0% used [0x00000000d5800000,0x00000000d5800000,0x00000000d5880000)
 ParOldGen       total 450560K, used 450264K [0x0000000080000000, 0x000000009b800000, 0x00000000d5580000)
  object space 450560K, 99% used [0x0000000080000000,0x000000009b7b6078,0x000000009b800000)
 Metaspace       used 63538K, committed 64960K, reserved 1114112K
  class space    used 6733K, committed 7360K, reserved 1048576K
}
Event: 455.838 GC heap before
{Heap before GC invocations=593 (full 3):
 PSYoungGen      total 2048K, used 1312K [0x00000000d5580000, 0x00000000d5880000, 0x0000000100000000)
  eden space 1024K, 100% used [0x00000000d5580000,0x00000000d5680000,0x00000000d5680000)
  from space 1024K, 28% used [0x00000000d5700000,0x00000000d5748000,0x00000000d5800000)
  to   space 512K, 0% used [0x00000000d5800000,0x00000000d5800000,0x00000000d5880000)
 ParOldGen       total 450560K, used 450264K [0x0000000080000000, 0x000000009b800000, 0x00000000d5580000)
  object space 450560K, 99% used [0x0000000080000000,0x000000009b7b6078,0x000000009b800000)
 Metaspace       used 63542K, committed 64960K, reserved 1114112K
  class space    used 6733K, committed 7360K, reserved 1048576K
}
Event: 455.843 GC heap after
{Heap after GC invocations=593 (full 3):
 PSYoungGen      total 1536K, used 160K [0x00000000d5580000, 0x00000000d5880000, 0x0000000100000000)
  eden space 1024K, 0% used [0x00000000d5580000,0x00000000d5580000,0x00000000d5680000)
  from space 512K, 31% used [0x00000000d5800000,0x00000000d5828000,0x00000000d5880000)
  to   space 512K, 0% used [0x00000000d5780000,0x00000000d5780000,0x00000000d5800000)
 ParOldGen       total 450560K, used 450416K [0x0000000080000000, 0x000000009b800000, 0x00000000d5580000)
  object space 450560K, 99% used [0x0000000080000000,0x000000009b7dc078,0x000000009b800000)
 Metaspace       used 63542K, committed 64960K, reserved 1114112K
  class space    used 6733K, committed 7360K, reserved 1048576K
}
Event: 455.947 GC heap before
{Heap before GC invocations=594 (full 3):
 PSYoungGen      total 1536K, used 1184K [0x00000000d5580000, 0x00000000d5880000, 0x0000000100000000)
  eden space 1024K, 100% used [0x00000000d5580000,0x00000000d5680000,0x00000000d5680000)
  from space 512K, 31% used [0x00000000d5800000,0x00000000d5828000,0x00000000d5880000)
  to   space 512K, 0% used [0x00000000d5780000,0x00000000d5780000,0x00000000d5800000)
 ParOldGen       total 450560K, used 450416K [0x0000000080000000, 0x000000009b800000, 0x00000000d5580000)
  object space 450560K, 99% used [0x0000000080000000,0x000000009b7dc078,0x000000009b800000)
 Metaspace       used 63549K, committed 64960K, reserved 1114112K
  class space    used 6733K, committed 7360K, reserved 1048576K
}
Event: 455.952 GC heap after
{Heap after GC invocations=594 (full 3):
 PSYoungGen      total 1536K, used 96K [0x00000000d5580000, 0x00000000d5880000, 0x0000000100000000)
  eden space 1024K, 0% used [0x00000000d5580000,0x00000000d5580000,0x00000000d5680000)
  from space 512K, 18% used [0x00000000d5780000,0x00000000d5798000,0x00000000d5800000)
  to   space 512K, 0% used [0x00000000d5800000,0x00000000d5800000,0x00000000d5880000)
 ParOldGen       total 450560K, used 450480K [0x0000000080000000, 0x000000009b800000, 0x00000000d5580000)
  object space 450560K, 99% used [0x0000000080000000,0x000000009b7ec078,0x000000009b800000)
 Metaspace       used 63549K, committed 64960K, reserved 1114112K
  class space    used 6733K, committed 7360K, reserved 1048576K
}
Event: 456.255 GC heap before
{Heap before GC invocations=595 (full 3):
 PSYoungGen      total 1536K, used 1120K [0x00000000d5580000, 0x00000000d5880000, 0x0000000100000000)
  eden space 1024K, 100% used [0x00000000d5580000,0x00000000d5680000,0x00000000d5680000)
  from space 512K, 18% used [0x00000000d5780000,0x00000000d5798000,0x00000000d5800000)
  to   space 512K, 0% used [0x00000000d5800000,0x00000000d5800000,0x00000000d5880000)
 ParOldGen       total 450560K, used 450480K [0x0000000080000000, 0x000000009b800000, 0x00000000d5580000)
  object space 450560K, 99% used [0x0000000080000000,0x000000009b7ec078,0x000000009b800000)
 Metaspace       used 63588K, committed 64960K, reserved 1114112K
  class space    used 6734K, committed 7360K, reserved 1048576K
}
Event: 456.259 GC heap after
{Heap after GC invocations=595 (full 3):
 PSYoungGen      total 1536K, used 128K [0x00000000d5580000, 0x00000000d5880000, 0x0000000100000000)
  eden space 1024K, 0% used [0x00000000d5580000,0x00000000d5580000,0x00000000d5680000)
  from space 512K, 25% used [0x00000000d5800000,0x00000000d5820000,0x00000000d5880000)
  to   space 512K, 0% used [0x00000000d5780000,0x00000000d5780000,0x00000000d5800000)
 ParOldGen       total 450560K, used 450536K [0x0000000080000000, 0x000000009b800000, 0x00000000d5580000)
  object space 450560K, 99% used [0x0000000080000000,0x000000009b7fa088,0x000000009b800000)
 Metaspace       used 63588K, committed 64960K, reserved 1114112K
  class space    used 6734K, committed 7360K, reserved 1048576K
}
Event: 456.435 GC heap before
{Heap before GC invocations=596 (full 3):
 PSYoungGen      total 1536K, used 1151K [0x00000000d5580000, 0x00000000d5880000, 0x0000000100000000)
  eden space 1024K, 99% used [0x00000000d5580000,0x00000000d567ffe8,0x00000000d5680000)
  from space 512K, 25% used [0x00000000d5800000,0x00000000d5820000,0x00000000d5880000)
  to   space 512K, 0% used [0x00000000d5780000,0x00000000d5780000,0x00000000d5800000)
 ParOldGen       total 450560K, used 450536K [0x0000000080000000, 0x000000009b800000, 0x00000000d5580000)
  object space 450560K, 99% used [0x0000000080000000,0x000000009b7fa088,0x000000009b800000)
 Metaspace       used 63602K, committed 65024K, reserved 1114112K
  class space    used 6734K, committed 7360K, reserved 1048576K
}
Event: 456.438 GC heap after
{Heap after GC invocations=596 (full 3):
 PSYoungGen      total 1536K, used 272K [0x00000000d5580000, 0x00000000d5880000, 0x0000000100000000)
  eden space 1024K, 0% used [0x00000000d5580000,0x00000000d5580000,0x00000000d5680000)
  from space 512K, 53% used [0x00000000d5780000,0x00000000d57c4030,0x00000000d5800000)
  to   space 512K, 0% used [0x00000000d5800000,0x00000000d5800000,0x00000000d5880000)
 ParOldGen       total 451072K, used 450576K [0x0000000080000000, 0x000000009b880000, 0x00000000d5580000)
  object space 451072K, 99% used [0x0000000080000000,0x000000009b804088,0x000000009b880000)
 Metaspace       used 63602K, committed 65024K, reserved 1114112K
  class space    used 6734K, committed 7360K, reserved 1048576K
}
Event: 507.375 GC heap before
{Heap before GC invocations=597 (full 3):
 PSYoungGen      total 1536K, used 1296K [0x00000000d5580000, 0x00000000d5880000, 0x0000000100000000)
  eden space 1024K, 100% used [0x00000000d5580000,0x00000000d5680000,0x00000000d5680000)
  from space 512K, 53% used [0x00000000d5780000,0x00000000d57c4030,0x00000000d5800000)
  to   space 512K, 0% used [0x00000000d5800000,0x00000000d5800000,0x00000000d5880000)
 ParOldGen       total 451072K, used 450576K [0x0000000080000000, 0x000000009b880000, 0x00000000d5580000)
  object space 451072K, 99% used [0x0000000080000000,0x000000009b804088,0x000000009b880000)
 Metaspace       used 63707K, committed 65152K, reserved 1114112K
  class space    used 6745K, committed 7424K, reserved 1048576K
}
Event: 507.486 GC heap after
{Heap after GC invocations=597 (full 3):
 PSYoungGen      total 1536K, used 128K [0x00000000d5580000, 0x00000000d5880000, 0x0000000100000000)
  eden space 1024K, 0% used [0x00000000d5580000,0x00000000d5580000,0x00000000d5680000)
  from space 512K, 25% used [0x00000000d5800000,0x00000000d5820000,0x00000000d5880000)
  to   space 512K, 0% used [0x00000000d5780000,0x00000000d5780000,0x00000000d5800000)
 ParOldGen       total 451072K, used 450720K [0x0000000080000000, 0x000000009b880000, 0x00000000d5580000)
  object space 451072K, 99% used [0x0000000080000000,0x000000009b8280b8,0x000000009b880000)
 Metaspace       used 63707K, committed 65152K, reserved 1114112K
  class space    used 6745K, committed 7424K, reserved 1048576K
}
Event: 517.949 GC heap before
{Heap before GC invocations=598 (full 3):
 PSYoungGen      total 1536K, used 1152K [0x00000000d5580000, 0x00000000d5880000, 0x0000000100000000)
  eden space 1024K, 100% used [0x00000000d5580000,0x00000000d5680000,0x00000000d5680000)
  from space 512K, 25% used [0x00000000d5800000,0x00000000d5820000,0x00000000d5880000)
  to   space 512K, 0% used [0x00000000d5780000,0x00000000d5780000,0x00000000d5800000)
 ParOldGen       total 451072K, used 450720K [0x0000000080000000, 0x000000009b880000, 0x00000000d5580000)
  object space 451072K, 99% used [0x0000000080000000,0x000000009b8280b8,0x000000009b880000)
 Metaspace       used 63761K, committed 65216K, reserved 1114112K
  class space    used 6751K, committed 7424K, reserved 1048576K
}
Event: 517.954 GC heap after
{Heap after GC invocations=598 (full 3):
 PSYoungGen      total 1536K, used 128K [0x00000000d5580000, 0x00000000d5880000, 0x0000000100000000)
  eden space 1024K, 0% used [0x00000000d5580000,0x00000000d5580000,0x00000000d5680000)
  from space 512K, 25% used [0x00000000d5780000,0x00000000d57a0000,0x00000000d5800000)
  to   space 512K, 0% used [0x00000000d5800000,0x00000000d5800000,0x00000000d5880000)
 ParOldGen       total 451072K, used 450760K [0x0000000080000000, 0x000000009b880000, 0x00000000d5580000)
  object space 451072K, 99% used [0x0000000080000000,0x000000009b8320b8,0x000000009b880000)
 Metaspace       used 63761K, committed 65216K, reserved 1114112K
  class space    used 6751K, committed 7424K, reserved 1048576K
}

